<?xml version="1.0" encoding="UTF-8"?>
<testsuite xmlns:xsi="http://www.w3.org/2001/XMLSchema-instance" xsi:noNamespaceSchemaLocation="https://maven.apache.org/surefire/maven-surefire-plugin/xsd/surefire-test-report.xsd" version="3.0.2" name="at.htlleonding.pepper.entity.GameTest" time="0.037" tests="1" errors="0" skipped="0" failures="0">
  <properties>
    <property name="java.specification.version" value="21"/>
    <property name="sun.jnu.encoding" value="UTF-8"/>
    <property name="java.class.path" value="/home/kyaw/Desktop/4CHIF/SYP/01-projekte-2025-4chif-syp-pepper-minigames/backend_v2/target/test-classes:/home/kyaw/Desktop/4CHIF/SYP/01-projekte-2025-4chif-syp-pepper-minigames/backend_v2/target/classes:/home/kyaw/.m2/repository/io/quarkus/quarkus-resteasy/3.19.1/quarkus-resteasy-3.19.1.jar:/home/kyaw/.m2/repository/io/quarkus/quarkus-vertx-http/3.19.1/quarkus-vertx-http-3.19.1.jar:/home/kyaw/.m2/repository/io/quarkus/quarkus-security-runtime-spi/3.19.1/quarkus-security-runtime-spi-3.19.1.jar:/home/kyaw/.m2/repository/io/quarkus/quarkus-tls-registry/3.19.1/quarkus-tls-registry-3.19.1.jar:/home/kyaw/.m2/repository/io/smallrye/certs/smallrye-private-key-pem-parser/0.9.2/smallrye-private-key-pem-parser-0.9.2.jar:/home/kyaw/.m2/repository/io/quarkus/quarkus-credentials/3.19.1/quarkus-credentials-3.19.1.jar:/home/kyaw/.m2/repository/io/quarkus/quarkus-mutiny/3.19.1/quarkus-mutiny-3.19.1.jar:/home/kyaw/.m2/repository/io/quarkus/quarkus-smallrye-context-propagation/3.19.1/quarkus-smallrye-context-propagation-3.19.1.jar:/home/kyaw/.m2/repository/io/smallrye/smallrye-context-propagation/2.2.0/smallrye-context-propagation-2.2.0.jar:/home/kyaw/.m2/repository/io/smallrye/smallrye-context-propagation-api/2.2.0/smallrye-context-propagation-api-2.2.0.jar:/home/kyaw/.m2/repository/io/smallrye/smallrye-context-propagation-storage/2.2.0/smallrye-context-propagation-storage-2.2.0.jar:/home/kyaw/.m2/repository/io/smallrye/reactive/mutiny-smallrye-context-propagation/2.8.0/mutiny-smallrye-context-propagation-2.8.0.jar:/home/kyaw/.m2/repository/io/smallrye/common/smallrye-common-vertx-context/2.10.0/smallrye-common-vertx-context-2.10.0.jar:/home/kyaw/.m2/repository/io/vertx/vertx-core/4.5.13/vertx-core-4.5.13.jar:/home/kyaw/.m2/repository/io/netty/netty-handler-proxy/4.1.118.Final/netty-handler-proxy-4.1.118.Final.jar:/home/kyaw/.m2/repository/io/netty/netty-codec-socks/4.1.118.Final/netty-codec-socks-4.1.118.Final.jar:/home/kyaw/.m2/repository/io/netty/netty-resolver-dns/4.1.118.Final/netty-resolver-dns-4.1.118.Final.jar:/home/kyaw/.m2/repository/io/netty/netty-codec-dns/4.1.118.Final/netty-codec-dns-4.1.118.Final.jar:/home/kyaw/.m2/repository/io/smallrye/common/smallrye-common-constraint/2.10.0/smallrye-common-constraint-2.10.0.jar:/home/kyaw/.m2/repository/io/quarkus/security/quarkus-security/2.2.0/quarkus-security-2.2.0.jar:/home/kyaw/.m2/repository/io/quarkus/quarkus-vertx/3.19.1/quarkus-vertx-3.19.1.jar:/home/kyaw/.m2/repository/io/quarkus/quarkus-netty/3.19.1/quarkus-netty-3.19.1.jar:/home/kyaw/.m2/repository/io/netty/netty-codec-haproxy/4.1.118.Final/netty-codec-haproxy-4.1.118.Final.jar:/home/kyaw/.m2/repository/io/smallrye/common/smallrye-common-annotation/2.10.0/smallrye-common-annotation-2.10.0.jar:/home/kyaw/.m2/repository/io/quarkus/quarkus-virtual-threads/3.19.1/quarkus-virtual-threads-3.19.1.jar:/home/kyaw/.m2/repository/io/quarkus/quarkus-vertx-latebound-mdc-provider/3.19.1/quarkus-vertx-latebound-mdc-provider-3.19.1.jar:/home/kyaw/.m2/repository/io/smallrye/reactive/smallrye-mutiny-vertx-core/3.18.1/smallrye-mutiny-vertx-core-3.18.1.jar:/home/kyaw/.m2/repository/io/smallrye/reactive/smallrye-mutiny-vertx-runtime/3.18.1/smallrye-mutiny-vertx-runtime-3.18.1.jar:/home/kyaw/.m2/repository/io/smallrye/reactive/vertx-mutiny-generator/3.18.1/vertx-mutiny-generator-3.18.1.jar:/home/kyaw/.m2/repository/io/vertx/vertx-codegen/4.5.13/vertx-codegen-4.5.13.jar:/home/kyaw/.m2/repository/io/smallrye/smallrye-fault-tolerance-vertx/6.8.0/smallrye-fault-tolerance-vertx-6.8.0.jar:/home/kyaw/.m2/repository/io/smallrye/reactive/smallrye-mutiny-vertx-web/3.18.1/smallrye-mutiny-vertx-web-3.18.1.jar:/home/kyaw/.m2/repository/io/smallrye/reactive/smallrye-mutiny-vertx-web-common/3.18.1/smallrye-mutiny-vertx-web-common-3.18.1.jar:/home/kyaw/.m2/repository/io/smallrye/reactive/smallrye-mutiny-vertx-auth-common/3.18.1/smallrye-mutiny-vertx-auth-common-3.18.1.jar:/home/kyaw/.m2/repository/io/smallrye/reactive/smallrye-mutiny-vertx-bridge-common/3.18.1/smallrye-mutiny-vertx-bridge-common-3.18.1.jar:/home/kyaw/.m2/repository/io/smallrye/reactive/smallrye-mutiny-vertx-uri-template/3.18.1/smallrye-mutiny-vertx-uri-template-3.18.1.jar:/home/kyaw/.m2/repository/io/vertx/vertx-uri-template/4.5.13/vertx-uri-template-4.5.13.jar:/home/kyaw/.m2/repository/io/vertx/vertx-web/4.5.13/vertx-web-4.5.13.jar:/home/kyaw/.m2/repository/io/vertx/vertx-web-common/4.5.13/vertx-web-common-4.5.13.jar:/home/kyaw/.m2/repository/io/vertx/vertx-auth-common/4.5.13/vertx-auth-common-4.5.13.jar:/home/kyaw/.m2/repository/io/vertx/vertx-bridge-common/4.5.13/vertx-bridge-common-4.5.13.jar:/home/kyaw/.m2/repository/io/github/crac/org-crac/0.1.3/org-crac-0.1.3.jar:/home/kyaw/.m2/repository/com/aayushatharva/brotli4j/brotli4j/1.16.0/brotli4j-1.16.0.jar:/home/kyaw/.m2/repository/com/aayushatharva/brotli4j/service/1.16.0/service-1.16.0.jar:/home/kyaw/.m2/repository/com/aayushatharva/brotli4j/native-linux-x86_64/1.16.0/native-linux-x86_64-1.16.0.jar:/home/kyaw/.m2/repository/io/quarkus/vertx/utils/quarkus-vertx-utils/3.19.1/quarkus-vertx-utils-3.19.1.jar:/home/kyaw/.m2/repository/org/jboss/logging/jboss-logging/3.6.1.Final/jboss-logging-3.6.1.Final.jar:/home/kyaw/.m2/repository/io/quarkus/quarkus-resteasy-server-common/3.19.1/quarkus-resteasy-server-common-3.19.1.jar:/home/kyaw/.m2/repository/org/jboss/resteasy/resteasy-cdi/6.2.11.Final/resteasy-cdi-6.2.11.Final.jar:/home/kyaw/.m2/repository/jakarta/validation/jakarta.validation-api/3.0.2/jakarta.validation-api-3.0.2.jar:/home/kyaw/.m2/repository/io/quarkus/quarkus-resteasy-jsonb/3.19.1/quarkus-resteasy-jsonb-3.19.1.jar:/home/kyaw/.m2/repository/io/quarkus/quarkus-jsonb/3.19.1/quarkus-jsonb-3.19.1.jar:/home/kyaw/.m2/repository/org/eclipse/yasson/3.0.4/yasson-3.0.4.jar:/home/kyaw/.m2/repository/org/jboss/resteasy/resteasy-json-binding-provider/6.2.11.Final/resteasy-json-binding-provider-6.2.11.Final.jar:/home/kyaw/.m2/repository/org/jboss/resteasy/resteasy-core-spi/6.2.11.Final/resteasy-core-spi-6.2.11.Final.jar:/home/kyaw/.m2/repository/org/jboss/resteasy/resteasy-core/6.2.11.Final/resteasy-core-6.2.11.Final.jar:/home/kyaw/.m2/repository/com/ibm/async/asyncutil/0.1.0/asyncutil-0.1.0.jar:/home/kyaw/.m2/repository/org/eclipse/parsson/parsson/1.1.7/parsson-1.1.7.jar:/home/kyaw/.m2/repository/jakarta/json/bind/jakarta.json.bind-api/3.0.1/jakarta.json.bind-api-3.0.1.jar:/home/kyaw/.m2/repository/org/jboss/resteasy/resteasy-json-p-provider/6.2.11.Final/resteasy-json-p-provider-6.2.11.Final.jar:/home/kyaw/.m2/repository/jakarta/json/jakarta.json-api/2.1.3/jakarta.json-api-2.1.3.jar:/home/kyaw/.m2/repository/commons-io/commons-io/2.18.0/commons-io-2.18.0.jar:/home/kyaw/.m2/repository/io/quarkus/quarkus-resteasy-jackson/3.19.1/quarkus-resteasy-jackson-3.19.1.jar:/home/kyaw/.m2/repository/io/quarkus/quarkus-jackson/3.19.1/quarkus-jackson-3.19.1.jar:/home/kyaw/.m2/repository/com/fasterxml/jackson/core/jackson-databind/2.18.2/jackson-databind-2.18.2.jar:/home/kyaw/.m2/repository/com/fasterxml/jackson/datatype/jackson-datatype-jsr310/2.18.2/jackson-datatype-jsr310-2.18.2.jar:/home/kyaw/.m2/repository/com/fasterxml/jackson/datatype/jackson-datatype-jdk8/2.18.2/jackson-datatype-jdk8-2.18.2.jar:/home/kyaw/.m2/repository/com/fasterxml/jackson/module/jackson-module-parameter-names/2.18.2/jackson-module-parameter-names-2.18.2.jar:/home/kyaw/.m2/repository/org/jboss/resteasy/resteasy-jackson2-provider/6.2.11.Final/resteasy-jackson2-provider-6.2.11.Final.jar:/home/kyaw/.m2/repository/com/fasterxml/jackson/core/jackson-core/2.18.2/jackson-core-2.18.2.jar:/home/kyaw/.m2/repository/com/fasterxml/jackson/core/jackson-annotations/2.18.2/jackson-annotations-2.18.2.jar:/home/kyaw/.m2/repository/com/fasterxml/jackson/jakarta/rs/jackson-jakarta-rs-base/2.18.2/jackson-jakarta-rs-base-2.18.2.jar:/home/kyaw/.m2/repository/com/fasterxml/jackson/jakarta/rs/jackson-jakarta-rs-json-provider/2.18.2/jackson-jakarta-rs-json-provider-2.18.2.jar:/home/kyaw/.m2/repository/com/fasterxml/jackson/module/jackson-module-jakarta-xmlbind-annotations/2.18.2/jackson-module-jakarta-xmlbind-annotations-2.18.2.jar:/home/kyaw/.m2/repository/com/github/java-json-tools/json-patch/1.13/json-patch-1.13.jar:/home/kyaw/.m2/repository/com/github/java-json-tools/msg-simple/1.2/msg-simple-1.2.jar:/home/kyaw/.m2/repository/com/github/java-json-tools/btf/1.3/btf-1.3.jar:/home/kyaw/.m2/repository/com/github/java-json-tools/jackson-coreutils/2.0/jackson-coreutils-2.0.jar:/home/kyaw/.m2/repository/jakarta/xml/bind/jakarta.xml.bind-api/4.0.2/jakarta.xml.bind-api-4.0.2.jar:/home/kyaw/.m2/repository/jakarta/activation/jakarta.activation-api/2.1.3/jakarta.activation-api-2.1.3.jar:/home/kyaw/.m2/repository/io/quarkus/quarkus-resteasy-client/3.19.1/quarkus-resteasy-client-3.19.1.jar:/home/kyaw/.m2/repository/io/quarkus/quarkus-core/3.19.1/quarkus-core-3.19.1.jar:/home/kyaw/.m2/repository/jakarta/annotation/jakarta.annotation-api/3.0.0/jakarta.annotation-api-3.0.0.jar:/home/kyaw/.m2/repository/jakarta/enterprise/jakarta.enterprise.cdi-api/4.1.0/jakarta.enterprise.cdi-api-4.1.0.jar:/home/kyaw/.m2/repository/jakarta/enterprise/jakarta.enterprise.lang-model/4.1.0/jakarta.enterprise.lang-model-4.1.0.jar:/home/kyaw/.m2/repository/jakarta/el/jakarta.el-api/5.0.1/jakarta.el-api-5.0.1.jar:/home/kyaw/.m2/repository/jakarta/inject/jakarta.inject-api/2.0.1/jakarta.inject-api-2.0.1.jar:/home/kyaw/.m2/repository/io/smallrye/common/smallrye-common-os/2.10.0/smallrye-common-os-2.10.0.jar:/home/kyaw/.m2/repository/io/quarkus/quarkus-ide-launcher/3.19.1/quarkus-ide-launcher-3.19.1.jar:/home/kyaw/.m2/repository/io/quarkus/quarkus-development-mode-spi/3.19.1/quarkus-development-mode-spi-3.19.1.jar:/home/kyaw/.m2/repository/io/smallrye/config/smallrye-config/3.11.4/smallrye-config-3.11.4.jar:/home/kyaw/.m2/repository/io/smallrye/config/smallrye-config-core/3.11.4/smallrye-config-core-3.11.4.jar:/home/kyaw/.m2/repository/io/smallrye/config/smallrye-config-common/3.11.4/smallrye-config-common-3.11.4.jar:/home/kyaw/.m2/repository/org/jboss/logmanager/jboss-logmanager/3.1.1.Final/jboss-logmanager-3.1.1.Final.jar:/home/kyaw/.m2/repository/io/smallrye/common/smallrye-common-cpu/2.10.0/smallrye-common-cpu-2.10.0.jar:/home/kyaw/.m2/repository/io/smallrye/common/smallrye-common-expression/2.10.0/smallrye-common-expression-2.10.0.jar:/home/kyaw/.m2/repository/io/smallrye/common/smallrye-common-net/2.10.0/smallrye-common-net-2.10.0.jar:/home/kyaw/.m2/repository/io/smallrye/common/smallrye-common-ref/2.10.0/smallrye-common-ref-2.10.0.jar:/home/kyaw/.m2/repository/org/jboss/logging/jboss-logging-annotations/3.0.3.Final/jboss-logging-annotations-3.0.3.Final.jar:/home/kyaw/.m2/repository/org/jboss/threads/jboss-threads/3.8.0.Final/jboss-threads-3.8.0.Final.jar:/home/kyaw/.m2/repository/io/smallrye/common/smallrye-common-function/2.10.0/smallrye-common-function-2.10.0.jar:/home/kyaw/.m2/repository/org/slf4j/slf4j-api/2.0.6/slf4j-api-2.0.6.jar:/home/kyaw/.m2/repository/org/jboss/slf4j/slf4j-jboss-logmanager/2.0.0.Final/slf4j-jboss-logmanager-2.0.0.Final.jar:/home/kyaw/.m2/repository/org/wildfly/common/wildfly-common/2.0.1/wildfly-common-2.0.1.jar:/home/kyaw/.m2/repository/io/quarkus/quarkus-bootstrap-runner/3.19.1/quarkus-bootstrap-runner-3.19.1.jar:/home/kyaw/.m2/repository/io/quarkus/quarkus-fs-util/0.0.10/quarkus-fs-util-0.0.10.jar:/home/kyaw/.m2/repository/io/quarkus/quarkus-resteasy-common/3.19.1/quarkus-resteasy-common-3.19.1.jar:/home/kyaw/.m2/repository/org/eclipse/angus/angus-activation/2.0.2/angus-activation-2.0.2.jar:/home/kyaw/.m2/repository/org/jboss/resteasy/microprofile/microprofile-config/3.0.1.Final/microprofile-config-3.0.1.Final.jar:/home/kyaw/.m2/repository/jakarta/servlet/jakarta.servlet-api/6.0.0/jakarta.servlet-api-6.0.0.jar:/home/kyaw/.m2/repository/io/quarkus/quarkus-apache-httpclient/3.19.1/quarkus-apache-httpclient-3.19.1.jar:/home/kyaw/.m2/repository/io/quarkus/quarkus-rest-client-config/3.19.1/quarkus-rest-client-config-3.19.1.jar:/home/kyaw/.m2/repository/org/eclipse/microprofile/rest/client/microprofile-rest-client-api/4.0/microprofile-rest-client-api-4.0.jar:/home/kyaw/.m2/repository/io/smallrye/jandex/3.2.7/jandex-3.2.7.jar:/home/kyaw/.m2/repository/org/jboss/resteasy/microprofile/microprofile-rest-client/3.0.1.Final/microprofile-rest-client-3.0.1.Final.jar:/home/kyaw/.m2/repository/org/jboss/resteasy/microprofile/microprofile-rest-client-base/3.0.1.Final/microprofile-rest-client-base-3.0.1.Final.jar:/home/kyaw/.m2/repository/org/jboss/resteasy/resteasy-client/6.2.11.Final/resteasy-client-6.2.11.Final.jar:/home/kyaw/.m2/repository/org/jboss/resteasy/resteasy-client-api/6.2.11.Final/resteasy-client-api-6.2.11.Final.jar:/home/kyaw/.m2/repository/org/jboss/resteasy/resteasy-multipart-provider/6.2.11.Final/resteasy-multipart-provider-6.2.11.Final.jar:/home/kyaw/.m2/repository/org/jboss/resteasy/resteasy-jaxb-provider/6.2.11.Final/resteasy-jaxb-provider-6.2.11.Final.jar:/home/kyaw/.m2/repository/org/glassfish/jaxb/codemodel/4.0.5/codemodel-4.0.5.jar:/home/kyaw/.m2/repository/org/glassfish/jaxb/jaxb-core/4.0.5/jaxb-core-4.0.5.jar:/home/kyaw/.m2/repository/org/glassfish/jaxb/jaxb-jxc/4.0.5/jaxb-jxc-4.0.5.jar:/home/kyaw/.m2/repository/org/glassfish/jaxb/txw2/4.0.5/txw2-4.0.5.jar:/home/kyaw/.m2/repository/org/glassfish/jaxb/jaxb-xjc/4.0.5/jaxb-xjc-4.0.5.jar:/home/kyaw/.m2/repository/org/glassfish/jaxb/xsom/4.0.5/xsom-4.0.5.jar:/home/kyaw/.m2/repository/com/sun/istack/istack-commons-runtime/4.1.2/istack-commons-runtime-4.1.2.jar:/home/kyaw/.m2/repository/com/sun/istack/istack-commons-tools/4.1.2/istack-commons-tools-4.1.2.jar:/home/kyaw/.m2/repository/com/sun/xml/bind/external/relaxng-datatype/4.0.5/relaxng-datatype-4.0.5.jar:/home/kyaw/.m2/repository/com/sun/xml/bind/external/rngom/4.0.5/rngom-4.0.5.jar:/home/kyaw/.m2/repository/jakarta/mail/jakarta.mail-api/2.1.3/jakarta.mail-api-2.1.3.jar:/home/kyaw/.m2/repository/org/eclipse/angus/angus-mail/2.0.3/angus-mail-2.0.3.jar:/home/kyaw/.m2/repository/org/apache/james/apache-mime4j-dom/0.8.12/apache-mime4j-dom-0.8.12.jar:/home/kyaw/.m2/repository/org/apache/james/apache-mime4j-core/0.8.12/apache-mime4j-core-0.8.12.jar:/home/kyaw/.m2/repository/org/apache/james/apache-mime4j-storage/0.8.12/apache-mime4j-storage-0.8.12.jar:/home/kyaw/.m2/repository/jakarta/interceptor/jakarta.interceptor-api/2.2.0/jakarta.interceptor-api-2.2.0.jar:/home/kyaw/.m2/repository/jakarta/ws/rs/jakarta.ws.rs-api/3.1.0/jakarta.ws.rs-api-3.1.0.jar:/home/kyaw/.m2/repository/org/apache/httpcomponents/httpasyncclient/4.1.5/httpasyncclient-4.1.5.jar:/home/kyaw/.m2/repository/org/apache/httpcomponents/httpcore/4.4.16/httpcore-4.4.16.jar:/home/kyaw/.m2/repository/org/apache/httpcomponents/httpcore-nio/4.4.16/httpcore-nio-4.4.16.jar:/home/kyaw/.m2/repository/org/jboss/logging/commons-logging-jboss-logging/1.0.0.Final/commons-logging-jboss-logging-1.0.0.Final.jar:/home/kyaw/.m2/repository/io/quarkiverse/amazonservices/quarkus-amazon-dynamodb-enhanced/2.20.0/quarkus-amazon-dynamodb-enhanced-2.20.0.jar:/home/kyaw/.m2/repository/io/quarkiverse/amazonservices/quarkus-amazon-common/2.20.0/quarkus-amazon-common-2.20.0.jar:/home/kyaw/.m2/repository/io/quarkiverse/amazonservices/quarkus-amazon-dynamodb/2.20.0/quarkus-amazon-dynamodb-2.20.0.jar:/home/kyaw/.m2/repository/software/amazon/awssdk/dynamodb/2.29.14/dynamodb-2.29.14.jar:/home/kyaw/.m2/repository/software/amazon/awssdk/dynamodb-enhanced/2.29.14/dynamodb-enhanced-2.29.14.jar:/home/kyaw/.m2/repository/software/amazon/awssdk/rekognition/2.29.23/rekognition-2.29.23.jar:/home/kyaw/.m2/repository/software/amazon/awssdk/aws-json-protocol/2.29.14/aws-json-protocol-2.29.14.jar:/home/kyaw/.m2/repository/software/amazon/awssdk/third-party-jackson-core/2.29.14/third-party-jackson-core-2.29.14.jar:/home/kyaw/.m2/repository/software/amazon/awssdk/protocol-core/2.29.14/protocol-core-2.29.14.jar:/home/kyaw/.m2/repository/software/amazon/awssdk/http-auth-aws/2.29.14/http-auth-aws-2.29.14.jar:/home/kyaw/.m2/repository/software/amazon/awssdk/checksums-spi/2.29.14/checksums-spi-2.29.14.jar:/home/kyaw/.m2/repository/software/amazon/awssdk/checksums/2.29.14/checksums-2.29.14.jar:/home/kyaw/.m2/repository/software/amazon/awssdk/sdk-core/2.29.14/sdk-core-2.29.14.jar:/home/kyaw/.m2/repository/software/amazon/awssdk/profiles/2.29.14/profiles-2.29.14.jar:/home/kyaw/.m2/repository/software/amazon/awssdk/retries/2.29.14/retries-2.29.14.jar:/home/kyaw/.m2/repository/org/reactivestreams/reactive-streams/1.0.4/reactive-streams-1.0.4.jar:/home/kyaw/.m2/repository/software/amazon/awssdk/auth/2.29.14/auth-2.29.14.jar:/home/kyaw/.m2/repository/software/amazon/awssdk/http-auth-aws-eventstream/2.29.14/http-auth-aws-eventstream-2.29.14.jar:/home/kyaw/.m2/repository/software/amazon/eventstream/eventstream/1.0.1/eventstream-1.0.1.jar:/home/kyaw/.m2/repository/software/amazon/awssdk/http-auth-spi/2.29.14/http-auth-spi-2.29.14.jar:/home/kyaw/.m2/repository/software/amazon/awssdk/http-auth/2.29.14/http-auth-2.29.14.jar:/home/kyaw/.m2/repository/software/amazon/awssdk/identity-spi/2.29.14/identity-spi-2.29.14.jar:/home/kyaw/.m2/repository/software/amazon/awssdk/http-client-spi/2.29.14/http-client-spi-2.29.14.jar:/home/kyaw/.m2/repository/software/amazon/awssdk/regions/2.29.14/regions-2.29.14.jar:/home/kyaw/.m2/repository/software/amazon/awssdk/annotations/2.29.14/annotations-2.29.14.jar:/home/kyaw/.m2/repository/software/amazon/awssdk/utils/2.29.14/utils-2.29.14.jar:/home/kyaw/.m2/repository/software/amazon/awssdk/aws-core/2.29.14/aws-core-2.29.14.jar:/home/kyaw/.m2/repository/software/amazon/awssdk/metrics-spi/2.29.14/metrics-spi-2.29.14.jar:/home/kyaw/.m2/repository/software/amazon/awssdk/json-utils/2.29.14/json-utils-2.29.14.jar:/home/kyaw/.m2/repository/software/amazon/awssdk/endpoints-spi/2.29.14/endpoints-spi-2.29.14.jar:/home/kyaw/.m2/repository/software/amazon/awssdk/retries-spi/2.29.14/retries-spi-2.29.14.jar:/home/kyaw/.m2/repository/software/amazon/awssdk/apache-client/2.29.14/apache-client-2.29.14.jar:/home/kyaw/.m2/repository/commons-codec/commons-codec/1.18.0/commons-codec-1.18.0.jar:/home/kyaw/.m2/repository/software/amazon/awssdk/netty-nio-client/2.29.14/netty-nio-client-2.29.14.jar:/home/kyaw/.m2/repository/io/netty/netty-codec-http/4.1.118.Final/netty-codec-http-4.1.118.Final.jar:/home/kyaw/.m2/repository/io/netty/netty-codec-http2/4.1.118.Final/netty-codec-http2-4.1.118.Final.jar:/home/kyaw/.m2/repository/io/netty/netty-codec/4.1.118.Final/netty-codec-4.1.118.Final.jar:/home/kyaw/.m2/repository/io/netty/netty-transport/4.1.118.Final/netty-transport-4.1.118.Final.jar:/home/kyaw/.m2/repository/io/netty/netty-common/4.1.118.Final/netty-common-4.1.118.Final.jar:/home/kyaw/.m2/repository/io/netty/netty-buffer/4.1.118.Final/netty-buffer-4.1.118.Final.jar:/home/kyaw/.m2/repository/io/netty/netty-handler/4.1.118.Final/netty-handler-4.1.118.Final.jar:/home/kyaw/.m2/repository/io/netty/netty-transport-native-unix-common/4.1.118.Final/netty-transport-native-unix-common-4.1.118.Final.jar:/home/kyaw/.m2/repository/io/netty/netty-transport-classes-epoll/4.1.118.Final/netty-transport-classes-epoll-4.1.118.Final.jar:/home/kyaw/.m2/repository/io/netty/netty-resolver/4.1.118.Final/netty-resolver-4.1.118.Final.jar:/home/kyaw/.m2/repository/io/quarkus/quarkus-hibernate-orm-panache/3.19.1/quarkus-hibernate-orm-panache-3.19.1.jar:/home/kyaw/.m2/repository/io/quarkus/quarkus-hibernate-orm/3.19.1/quarkus-hibernate-orm-3.19.1.jar:/home/kyaw/.m2/repository/io/quarkus/quarkus-narayana-jta/3.19.1/quarkus-narayana-jta-3.19.1.jar:/home/kyaw/.m2/repository/io/quarkus/quarkus-transaction-annotations/3.19.1/quarkus-transaction-annotations-3.19.1.jar:/home/kyaw/.m2/repository/io/quarkus/quarkus-datasource-common/3.19.1/quarkus-datasource-common-3.19.1.jar:/home/kyaw/.m2/repository/io/smallrye/smallrye-context-propagation-jta/2.2.0/smallrye-context-propagation-jta-2.2.0.jar:/home/kyaw/.m2/repository/io/smallrye/reactive/smallrye-reactive-converter-api/3.0.1/smallrye-reactive-converter-api-3.0.1.jar:/home/kyaw/.m2/repository/io/smallrye/reactive/smallrye-reactive-converter-mutiny/3.0.1/smallrye-reactive-converter-mutiny-3.0.1.jar:/home/kyaw/.m2/repository/io/smallrye/reactive/mutiny-zero-flow-adapters/1.1.1/mutiny-zero-flow-adapters-1.1.1.jar:/home/kyaw/.m2/repository/org/jboss/narayana/jta/narayana-jta/7.2.1.Final/narayana-jta-7.2.1.Final.jar:/home/kyaw/.m2/repository/jakarta/resource/jakarta.resource-api/2.1.0/jakarta.resource-api-2.1.0.jar:/home/kyaw/.m2/repository/org/jboss/invocation/jboss-invocation/2.0.0.Final/jboss-invocation-2.0.0.Final.jar:/home/kyaw/.m2/repository/org/eclipse/microprofile/reactive-streams-operators/microprofile-reactive-streams-operators-api/3.0.1/microprofile-reactive-streams-operators-api-3.0.1.jar:/home/kyaw/.m2/repository/org/jboss/narayana/jts/narayana-jts-integration/7.2.1.Final/narayana-jts-integration-7.2.1.Final.jar:/home/kyaw/.m2/repository/org/hibernate/orm/hibernate-core/6.6.9.Final/hibernate-core-6.6.9.Final.jar:/home/kyaw/.m2/repository/com/fasterxml/classmate/1.7.0/classmate-1.7.0.jar:/home/kyaw/.m2/repository/org/antlr/antlr4-runtime/4.13.0/antlr4-runtime-4.13.0.jar:/home/kyaw/.m2/repository/net/bytebuddy/byte-buddy/1.15.11/byte-buddy-1.15.11.jar:/home/kyaw/.m2/repository/org/hibernate/common/hibernate-commons-annotations/7.0.3.Final/hibernate-commons-annotations-7.0.3.Final.jar:/home/kyaw/.m2/repository/org/hibernate/orm/hibernate-graalvm/6.6.9.Final/hibernate-graalvm-6.6.9.Final.jar:/home/kyaw/.m2/repository/org/glassfish/jaxb/jaxb-runtime/4.0.5/jaxb-runtime-4.0.5.jar:/home/kyaw/.m2/repository/jakarta/persistence/jakarta.persistence-api/3.1.0/jakarta.persistence-api-3.1.0.jar:/home/kyaw/.m2/repository/jakarta/transaction/jakarta.transaction-api/2.0.1/jakarta.transaction-api-2.0.1.jar:/home/kyaw/.m2/repository/org/hibernate/quarkus-local-cache/0.3.0/quarkus-local-cache-0.3.0.jar:/home/kyaw/.m2/repository/io/quarkus/quarkus-caffeine/3.19.1/quarkus-caffeine-3.19.1.jar:/home/kyaw/.m2/repository/com/github/ben-manes/caffeine/caffeine/3.2.0/caffeine-3.2.0.jar:/home/kyaw/.m2/repository/org/jspecify/jspecify/1.0.0/jspecify-1.0.0.jar:/home/kyaw/.m2/repository/com/google/errorprone/error_prone_annotations/2.36.0/error_prone_annotations-2.36.0.jar:/home/kyaw/.m2/repository/io/quarkus/quarkus-hibernate-orm-panache-common/3.19.1/quarkus-hibernate-orm-panache-common-3.19.1.jar:/home/kyaw/.m2/repository/io/quarkus/quarkus-panache-hibernate-common/3.19.1/quarkus-panache-hibernate-common-3.19.1.jar:/home/kyaw/.m2/repository/io/quarkus/quarkus-panache-common/3.19.1/quarkus-panache-common-3.19.1.jar:/home/kyaw/.m2/repository/io/quarkus/quarkus-jdbc-postgresql/3.19.1/quarkus-jdbc-postgresql-3.19.1.jar:/home/kyaw/.m2/repository/io/quarkus/quarkus-agroal/3.19.1/quarkus-agroal-3.19.1.jar:/home/kyaw/.m2/repository/io/quarkus/quarkus-datasource/3.19.1/quarkus-datasource-3.19.1.jar:/home/kyaw/.m2/repository/io/agroal/agroal-api/2.5/agroal-api-2.5.jar:/home/kyaw/.m2/repository/io/agroal/agroal-narayana/2.5/agroal-narayana-2.5.jar:/home/kyaw/.m2/repository/org/jboss/jboss-transaction-spi/8.0.0.Final/jboss-transaction-spi-8.0.0.Final.jar:/home/kyaw/.m2/repository/io/agroal/agroal-pool/2.5/agroal-pool-2.5.jar:/home/kyaw/.m2/repository/org/postgresql/postgresql/42.7.5/postgresql-42.7.5.jar:/home/kyaw/.m2/repository/io/quarkus/quarkus-arc/3.19.1/quarkus-arc-3.19.1.jar:/home/kyaw/.m2/repository/io/quarkus/arc/arc/3.19.1/arc-3.19.1.jar:/home/kyaw/.m2/repository/io/smallrye/reactive/mutiny/2.8.0/mutiny-2.8.0.jar:/home/kyaw/.m2/repository/org/jctools/jctools-core/4.0.5/jctools-core-4.0.5.jar:/home/kyaw/.m2/repository/org/eclipse/microprofile/context-propagation/microprofile-context-propagation-api/1.3/microprofile-context-propagation-api-1.3.jar:/home/kyaw/.m2/repository/io/quarkus/quarkus-smallrye-openapi/3.19.1/quarkus-smallrye-openapi-3.19.1.jar:/home/kyaw/.m2/repository/io/smallrye/smallrye-open-api-core/4.0.8/smallrye-open-api-core-4.0.8.jar:/home/kyaw/.m2/repository/org/eclipse/microprofile/openapi/microprofile-openapi-api/4.0.2/microprofile-openapi-api-4.0.2.jar:/home/kyaw/.m2/repository/org/eclipse/microprofile/config/microprofile-config-api/3.1/microprofile-config-api-3.1.jar:/home/kyaw/.m2/repository/io/smallrye/smallrye-open-api-model/4.0.8/smallrye-open-api-model-4.0.8.jar:/home/kyaw/.m2/repository/com/fasterxml/jackson/dataformat/jackson-dataformat-yaml/2.18.2/jackson-dataformat-yaml-2.18.2.jar:/home/kyaw/.m2/repository/org/yaml/snakeyaml/2.3/snakeyaml-2.3.jar:/home/kyaw/.m2/repository/io/smallrye/common/smallrye-common-classloader/2.10.0/smallrye-common-classloader-2.10.0.jar:/home/kyaw/.m2/repository/io/quarkus/quarkus-swagger-ui/3.19.1/quarkus-swagger-ui-3.19.1.jar:/home/kyaw/.m2/repository/io/quarkus/quarkus-smallrye-health/3.19.1/quarkus-smallrye-health-3.19.1.jar:/home/kyaw/.m2/repository/io/smallrye/smallrye-health/4.2.0/smallrye-health-4.2.0.jar:/home/kyaw/.m2/repository/org/eclipse/microprofile/health/microprofile-health-api/4.0.1/microprofile-health-api-4.0.1.jar:/home/kyaw/.m2/repository/io/smallrye/smallrye-health-api/4.2.0/smallrye-health-api-4.2.0.jar:/home/kyaw/.m2/repository/io/smallrye/smallrye-health-provided-checks/4.2.0/smallrye-health-provided-checks-4.2.0.jar:/home/kyaw/.m2/repository/io/quarkus/quarkus-jsonp/3.19.1/quarkus-jsonp-3.19.1.jar:/home/kyaw/.m2/repository/io/quarkus/quarkus-junit5/3.19.1/quarkus-junit5-3.19.1.jar:/home/kyaw/.m2/repository/io/quarkus/quarkus-bootstrap-core/3.19.1/quarkus-bootstrap-core-3.19.1.jar:/home/kyaw/.m2/repository/io/quarkus/quarkus-classloader-commons/3.19.1/quarkus-classloader-commons-3.19.1.jar:/home/kyaw/.m2/repository/io/quarkus/quarkus-bootstrap-app-model/3.19.1/quarkus-bootstrap-app-model-3.19.1.jar:/home/kyaw/.m2/repository/io/smallrye/common/smallrye-common-io/2.10.0/smallrye-common-io-2.10.0.jar:/home/kyaw/.m2/repository/org/eclipse/sisu/org.eclipse.sisu.inject/0.9.0.M3/org.eclipse.sisu.inject-0.9.0.M3.jar:/home/kyaw/.m2/repository/io/quarkus/quarkus-test-common/3.19.1/quarkus-test-common-3.19.1.jar:/home/kyaw/.m2/repository/io/quarkus/quarkus-core-deployment/3.19.1/quarkus-core-deployment-3.19.1.jar:/home/kyaw/.m2/repository/org/aesh/readline/2.6/readline-2.6.jar:/home/kyaw/.m2/repository/org/fusesource/jansi/jansi/2.4.0/jansi-2.4.0.jar:/home/kyaw/.m2/repository/org/aesh/aesh/2.8.2/aesh-2.8.2.jar:/home/kyaw/.m2/repository/io/quarkus/gizmo/gizmo/1.8.0/gizmo-1.8.0.jar:/home/kyaw/.m2/repository/org/ow2/asm/asm-util/9.7.1/asm-util-9.7.1.jar:/home/kyaw/.m2/repository/org/ow2/asm/asm-analysis/9.7.1/asm-analysis-9.7.1.jar:/home/kyaw/.m2/repository/org/ow2/asm/asm/9.7.1/asm-9.7.1.jar:/home/kyaw/.m2/repository/org/ow2/asm/asm-commons/9.7.1/asm-commons-9.7.1.jar:/home/kyaw/.m2/repository/org/ow2/asm/asm-tree/9.7.1/asm-tree-9.7.1.jar:/home/kyaw/.m2/repository/io/quarkus/quarkus-hibernate-validator-spi/3.19.1/quarkus-hibernate-validator-spi-3.19.1.jar:/home/kyaw/.m2/repository/io/quarkus/quarkus-class-change-agent/3.19.1/quarkus-class-change-agent-3.19.1.jar:/home/kyaw/.m2/repository/io/quarkus/quarkus-devtools-utilities/3.19.1/quarkus-devtools-utilities-3.19.1.jar:/home/kyaw/.m2/repository/io/quarkus/quarkus-builder/3.19.1/quarkus-builder-3.19.1.jar:/home/kyaw/.m2/repository/org/graalvm/sdk/nativeimage/23.1.2/nativeimage-23.1.2.jar:/home/kyaw/.m2/repository/org/graalvm/sdk/word/23.1.2/word-23.1.2.jar:/home/kyaw/.m2/repository/org/junit/platform/junit-platform-launcher/1.10.5/junit-platform-launcher-1.10.5.jar:/home/kyaw/.m2/repository/io/quarkus/quarkus-bootstrap-maven-resolver/3.19.1/quarkus-bootstrap-maven-resolver-3.19.1.jar:/home/kyaw/.m2/repository/io/smallrye/beanbag/smallrye-beanbag-maven/1.5.2/smallrye-beanbag-maven-1.5.2.jar:/home/kyaw/.m2/repository/io/smallrye/beanbag/smallrye-beanbag-sisu/1.5.2/smallrye-beanbag-sisu-1.5.2.jar:/home/kyaw/.m2/repository/io/smallrye/beanbag/smallrye-beanbag/1.5.2/smallrye-beanbag-1.5.2.jar:/home/kyaw/.m2/repository/javax/inject/javax.inject/1/javax.inject-1.jar:/home/kyaw/.m2/repository/org/apache/maven/maven-artifact/3.9.9/maven-artifact-3.9.9.jar:/home/kyaw/.m2/repository/org/apache/maven/maven-builder-support/3.9.9/maven-builder-support-3.9.9.jar:/home/kyaw/.m2/repository/org/apache/maven/maven-model/3.9.9/maven-model-3.9.9.jar:/home/kyaw/.m2/repository/org/apache/maven/maven-model-builder/3.9.9/maven-model-builder-3.9.9.jar:/home/kyaw/.m2/repository/org/apache/maven/maven-repository-metadata/3.9.9/maven-repository-metadata-3.9.9.jar:/home/kyaw/.m2/repository/org/apache/maven/maven-settings/3.9.9/maven-settings-3.9.9.jar:/home/kyaw/.m2/repository/org/apache/maven/resolver/maven-resolver-api/1.9.22/maven-resolver-api-1.9.22.jar:/home/kyaw/.m2/repository/org/apache/maven/resolver/maven-resolver-impl/1.9.22/maven-resolver-impl-1.9.22.jar:/home/kyaw/.m2/repository/org/apache/maven/resolver/maven-resolver-named-locks/1.9.22/maven-resolver-named-locks-1.9.22.jar:/home/kyaw/.m2/repository/org/apache/maven/resolver/maven-resolver-spi/1.9.22/maven-resolver-spi-1.9.22.jar:/home/kyaw/.m2/repository/org/apache/maven/resolver/maven-resolver-util/1.9.22/maven-resolver-util-1.9.22.jar:/home/kyaw/.m2/repository/org/apache/maven/resolver/maven-resolver-transport-http/1.9.20/maven-resolver-transport-http-1.9.20.jar:/home/kyaw/.m2/repository/org/apache/maven/wagon/wagon-provider-api/3.5.3/wagon-provider-api-3.5.3.jar:/home/kyaw/.m2/repository/org/apache/maven/wagon/wagon-http-shared/3.5.3/wagon-http-shared-3.5.3.jar:/home/kyaw/.m2/repository/org/codehaus/plexus/plexus-interpolation/1.26/plexus-interpolation-1.26.jar:/home/kyaw/.m2/repository/org/codehaus/plexus/plexus-utils/3.5.1/plexus-utils-3.5.1.jar:/home/kyaw/.m2/repository/org/codehaus/plexus/plexus-xml/4.0.1/plexus-xml-4.0.1.jar:/home/kyaw/.m2/repository/org/apache/maven/maven-xml-impl/4.0.0-alpha-5/maven-xml-impl-4.0.0-alpha-5.jar:/home/kyaw/.m2/repository/org/apache/maven/maven-api-xml/4.0.0-alpha-5/maven-api-xml-4.0.0-alpha-5.jar:/home/kyaw/.m2/repository/org/apache/maven/maven-api-meta/4.0.0-alpha-5/maven-api-meta-4.0.0-alpha-5.jar:/home/kyaw/.m2/repository/org/codehaus/plexus/plexus-cipher/2.0/plexus-cipher-2.0.jar:/home/kyaw/.m2/repository/org/codehaus/plexus/plexus-sec-dispatcher/2.0/plexus-sec-dispatcher-2.0.jar:/home/kyaw/.m2/repository/org/apache/maven/maven-embedder/3.9.9/maven-embedder-3.9.9.jar:/home/kyaw/.m2/repository/org/apache/maven/maven-core/3.9.9/maven-core-3.9.9.jar:/home/kyaw/.m2/repository/org/codehaus/plexus/plexus-component-annotations/2.1.0/plexus-component-annotations-2.1.0.jar:/home/kyaw/.m2/repository/org/apache/maven/maven-plugin-api/3.9.9/maven-plugin-api-3.9.9.jar:/home/kyaw/.m2/repository/org/apache/maven/shared/maven-shared-utils/3.4.2/maven-shared-utils-3.4.2.jar:/home/kyaw/.m2/repository/com/google/inject/guice/5.1.0/guice-5.1.0.jar:/home/kyaw/.m2/repository/aopalliance/aopalliance/1.0/aopalliance-1.0.jar:/home/kyaw/.m2/repository/com/google/guava/guava/33.4.0-jre/guava-33.4.0-jre.jar:/home/kyaw/.m2/repository/com/google/guava/failureaccess/1.0.1/failureaccess-1.0.1.jar:/home/kyaw/.m2/repository/javax/annotation/javax.annotation-api/1.3.2/javax.annotation-api-1.3.2.jar:/home/kyaw/.m2/repository/org/codehaus/plexus/plexus-classworlds/2.6.0/plexus-classworlds-2.6.0.jar:/home/kyaw/.m2/repository/commons-cli/commons-cli/1.8.0/commons-cli-1.8.0.jar:/home/kyaw/.m2/repository/org/eclipse/sisu/org.eclipse.sisu.plexus/0.9.0.M3/org.eclipse.sisu.plexus-0.9.0.M3.jar:/home/kyaw/.m2/repository/org/apache/maven/maven-settings-builder/3.9.9/maven-settings-builder-3.9.9.jar:/home/kyaw/.m2/repository/org/apache/maven/maven-resolver-provider/3.9.9/maven-resolver-provider-3.9.9.jar:/home/kyaw/.m2/repository/org/apache/maven/resolver/maven-resolver-connector-basic/1.9.22/maven-resolver-connector-basic-1.9.22.jar:/home/kyaw/.m2/repository/org/apache/maven/resolver/maven-resolver-transport-wagon/1.9.22/maven-resolver-transport-wagon-1.9.22.jar:/home/kyaw/.m2/repository/org/apache/maven/wagon/wagon-http/3.5.3/wagon-http-3.5.3.jar:/home/kyaw/.m2/repository/org/apache/maven/wagon/wagon-file/3.5.3/wagon-file-3.5.3.jar:/home/kyaw/.m2/repository/io/quarkus/quarkus-bootstrap-gradle-resolver/3.19.1/quarkus-bootstrap-gradle-resolver-3.19.1.jar:/home/kyaw/.m2/repository/io/quarkus/quarkus-junit5-config/3.19.1/quarkus-junit5-config-3.19.1.jar:/home/kyaw/.m2/repository/org/junit/jupiter/junit-jupiter-api/5.10.5/junit-jupiter-api-5.10.5.jar:/home/kyaw/.m2/repository/org/opentest4j/opentest4j/1.3.0/opentest4j-1.3.0.jar:/home/kyaw/.m2/repository/org/junit/platform/junit-platform-commons/1.10.5/junit-platform-commons-1.10.5.jar:/home/kyaw/.m2/repository/org/apiguardian/apiguardian-api/1.1.2/apiguardian-api-1.1.2.jar:/home/kyaw/.m2/repository/org/junit/jupiter/junit-jupiter/5.10.5/junit-jupiter-5.10.5.jar:/home/kyaw/.m2/repository/org/junit/jupiter/junit-jupiter-params/5.10.5/junit-jupiter-params-5.10.5.jar:/home/kyaw/.m2/repository/org/junit/jupiter/junit-jupiter-engine/5.10.5/junit-jupiter-engine-5.10.5.jar:/home/kyaw/.m2/repository/org/junit/platform/junit-platform-engine/1.10.5/junit-platform-engine-1.10.5.jar:/home/kyaw/.m2/repository/org/jboss/marshalling/jboss-marshalling/2.2.2.Final/jboss-marshalling-2.2.2.Final.jar:/home/kyaw/.m2/repository/io/rest-assured/rest-assured/5.5.1/rest-assured-5.5.1.jar:/home/kyaw/.m2/repository/org/apache/groovy/groovy/4.0.25/groovy-4.0.25.jar:/home/kyaw/.m2/repository/org/apache/groovy/groovy-xml/4.0.22/groovy-xml-4.0.22.jar:/home/kyaw/.m2/repository/org/apache/httpcomponents/httpclient/4.5.14/httpclient-4.5.14.jar:/home/kyaw/.m2/repository/org/apache/httpcomponents/httpmime/4.5.14/httpmime-4.5.14.jar:/home/kyaw/.m2/repository/org/hamcrest/hamcrest/2.2/hamcrest-2.2.jar:/home/kyaw/.m2/repository/org/ccil/cowan/tagsoup/tagsoup/1.2.1/tagsoup-1.2.1.jar:/home/kyaw/.m2/repository/io/rest-assured/json-path/5.5.1/json-path-5.5.1.jar:/home/kyaw/.m2/repository/org/apache/groovy/groovy-json/4.0.22/groovy-json-4.0.22.jar:/home/kyaw/.m2/repository/io/rest-assured/rest-assured-common/5.5.1/rest-assured-common-5.5.1.jar:/home/kyaw/.m2/repository/io/rest-assured/xml-path/5.5.1/xml-path-5.5.1.jar:/home/kyaw/.m2/repository/org/apache/commons/commons-lang3/3.17.0/commons-lang3-3.17.0.jar:/home/kyaw/.m2/repository/org/mindrot/jbcrypt/0.4/jbcrypt-0.4.jar:"/>
    <property name="java.vm.vendor" value="Ubuntu"/>
    <property name="sun.arch.data.model" value="64"/>
    <property name="java.vendor.url" value="https://ubuntu.com/"/>
    <property name="user.timezone" value="Europe/Vienna"/>
    <property name="os.name" value="Linux"/>
    <property name="java.vm.specification.version" value="21"/>
    <property name="sun.java.launcher" value="SUN_STANDARD"/>
    <property name="user.country" value="US"/>
    <property name="sun.boot.library.path" value="/usr/lib/jvm/java-21-openjdk-amd64/lib"/>
    <property name="sun.java.command" value="/home/kyaw/Desktop/4CHIF/SYP/01-projekte-2025-4chif-syp-pepper-minigames/backend_v2/target/surefire/surefirebooter-20250312111849044_3.jar /home/kyaw/Desktop/4CHIF/SYP/01-projekte-2025-4chif-syp-pepper-minigames/backend_v2/target/surefire 2025-03-12T11-18-48_987-jvmRun1 surefire-20250312111849044_1tmp surefire_0-20250312111849044_2tmp"/>
    <property name="jdk.debug" value="release"/>
    <property name="surefire.test.class.path" value="/home/kyaw/Desktop/4CHIF/SYP/01-projekte-2025-4chif-syp-pepper-minigames/backend_v2/target/test-classes:/home/kyaw/Desktop/4CHIF/SYP/01-projekte-2025-4chif-syp-pepper-minigames/backend_v2/target/classes:/home/kyaw/.m2/repository/io/quarkus/quarkus-resteasy/3.19.1/quarkus-resteasy-3.19.1.jar:/home/kyaw/.m2/repository/io/quarkus/quarkus-vertx-http/3.19.1/quarkus-vertx-http-3.19.1.jar:/home/kyaw/.m2/repository/io/quarkus/quarkus-security-runtime-spi/3.19.1/quarkus-security-runtime-spi-3.19.1.jar:/home/kyaw/.m2/repository/io/quarkus/quarkus-tls-registry/3.19.1/quarkus-tls-registry-3.19.1.jar:/home/kyaw/.m2/repository/io/smallrye/certs/smallrye-private-key-pem-parser/0.9.2/smallrye-private-key-pem-parser-0.9.2.jar:/home/kyaw/.m2/repository/io/quarkus/quarkus-credentials/3.19.1/quarkus-credentials-3.19.1.jar:/home/kyaw/.m2/repository/io/quarkus/quarkus-mutiny/3.19.1/quarkus-mutiny-3.19.1.jar:/home/kyaw/.m2/repository/io/quarkus/quarkus-smallrye-context-propagation/3.19.1/quarkus-smallrye-context-propagation-3.19.1.jar:/home/kyaw/.m2/repository/io/smallrye/smallrye-context-propagation/2.2.0/smallrye-context-propagation-2.2.0.jar:/home/kyaw/.m2/repository/io/smallrye/smallrye-context-propagation-api/2.2.0/smallrye-context-propagation-api-2.2.0.jar:/home/kyaw/.m2/repository/io/smallrye/smallrye-context-propagation-storage/2.2.0/smallrye-context-propagation-storage-2.2.0.jar:/home/kyaw/.m2/repository/io/smallrye/reactive/mutiny-smallrye-context-propagation/2.8.0/mutiny-smallrye-context-propagation-2.8.0.jar:/home/kyaw/.m2/repository/io/smallrye/common/smallrye-common-vertx-context/2.10.0/smallrye-common-vertx-context-2.10.0.jar:/home/kyaw/.m2/repository/io/vertx/vertx-core/4.5.13/vertx-core-4.5.13.jar:/home/kyaw/.m2/repository/io/netty/netty-handler-proxy/4.1.118.Final/netty-handler-proxy-4.1.118.Final.jar:/home/kyaw/.m2/repository/io/netty/netty-codec-socks/4.1.118.Final/netty-codec-socks-4.1.118.Final.jar:/home/kyaw/.m2/repository/io/netty/netty-resolver-dns/4.1.118.Final/netty-resolver-dns-4.1.118.Final.jar:/home/kyaw/.m2/repository/io/netty/netty-codec-dns/4.1.118.Final/netty-codec-dns-4.1.118.Final.jar:/home/kyaw/.m2/repository/io/smallrye/common/smallrye-common-constraint/2.10.0/smallrye-common-constraint-2.10.0.jar:/home/kyaw/.m2/repository/io/quarkus/security/quarkus-security/2.2.0/quarkus-security-2.2.0.jar:/home/kyaw/.m2/repository/io/quarkus/quarkus-vertx/3.19.1/quarkus-vertx-3.19.1.jar:/home/kyaw/.m2/repository/io/quarkus/quarkus-netty/3.19.1/quarkus-netty-3.19.1.jar:/home/kyaw/.m2/repository/io/netty/netty-codec-haproxy/4.1.118.Final/netty-codec-haproxy-4.1.118.Final.jar:/home/kyaw/.m2/repository/io/smallrye/common/smallrye-common-annotation/2.10.0/smallrye-common-annotation-2.10.0.jar:/home/kyaw/.m2/repository/io/quarkus/quarkus-virtual-threads/3.19.1/quarkus-virtual-threads-3.19.1.jar:/home/kyaw/.m2/repository/io/quarkus/quarkus-vertx-latebound-mdc-provider/3.19.1/quarkus-vertx-latebound-mdc-provider-3.19.1.jar:/home/kyaw/.m2/repository/io/smallrye/reactive/smallrye-mutiny-vertx-core/3.18.1/smallrye-mutiny-vertx-core-3.18.1.jar:/home/kyaw/.m2/repository/io/smallrye/reactive/smallrye-mutiny-vertx-runtime/3.18.1/smallrye-mutiny-vertx-runtime-3.18.1.jar:/home/kyaw/.m2/repository/io/smallrye/reactive/vertx-mutiny-generator/3.18.1/vertx-mutiny-generator-3.18.1.jar:/home/kyaw/.m2/repository/io/vertx/vertx-codegen/4.5.13/vertx-codegen-4.5.13.jar:/home/kyaw/.m2/repository/io/smallrye/smallrye-fault-tolerance-vertx/6.8.0/smallrye-fault-tolerance-vertx-6.8.0.jar:/home/kyaw/.m2/repository/io/smallrye/reactive/smallrye-mutiny-vertx-web/3.18.1/smallrye-mutiny-vertx-web-3.18.1.jar:/home/kyaw/.m2/repository/io/smallrye/reactive/smallrye-mutiny-vertx-web-common/3.18.1/smallrye-mutiny-vertx-web-common-3.18.1.jar:/home/kyaw/.m2/repository/io/smallrye/reactive/smallrye-mutiny-vertx-auth-common/3.18.1/smallrye-mutiny-vertx-auth-common-3.18.1.jar:/home/kyaw/.m2/repository/io/smallrye/reactive/smallrye-mutiny-vertx-bridge-common/3.18.1/smallrye-mutiny-vertx-bridge-common-3.18.1.jar:/home/kyaw/.m2/repository/io/smallrye/reactive/smallrye-mutiny-vertx-uri-template/3.18.1/smallrye-mutiny-vertx-uri-template-3.18.1.jar:/home/kyaw/.m2/repository/io/vertx/vertx-uri-template/4.5.13/vertx-uri-template-4.5.13.jar:/home/kyaw/.m2/repository/io/vertx/vertx-web/4.5.13/vertx-web-4.5.13.jar:/home/kyaw/.m2/repository/io/vertx/vertx-web-common/4.5.13/vertx-web-common-4.5.13.jar:/home/kyaw/.m2/repository/io/vertx/vertx-auth-common/4.5.13/vertx-auth-common-4.5.13.jar:/home/kyaw/.m2/repository/io/vertx/vertx-bridge-common/4.5.13/vertx-bridge-common-4.5.13.jar:/home/kyaw/.m2/repository/io/github/crac/org-crac/0.1.3/org-crac-0.1.3.jar:/home/kyaw/.m2/repository/com/aayushatharva/brotli4j/brotli4j/1.16.0/brotli4j-1.16.0.jar:/home/kyaw/.m2/repository/com/aayushatharva/brotli4j/service/1.16.0/service-1.16.0.jar:/home/kyaw/.m2/repository/com/aayushatharva/brotli4j/native-linux-x86_64/1.16.0/native-linux-x86_64-1.16.0.jar:/home/kyaw/.m2/repository/io/quarkus/vertx/utils/quarkus-vertx-utils/3.19.1/quarkus-vertx-utils-3.19.1.jar:/home/kyaw/.m2/repository/org/jboss/logging/jboss-logging/3.6.1.Final/jboss-logging-3.6.1.Final.jar:/home/kyaw/.m2/repository/io/quarkus/quarkus-resteasy-server-common/3.19.1/quarkus-resteasy-server-common-3.19.1.jar:/home/kyaw/.m2/repository/org/jboss/resteasy/resteasy-cdi/6.2.11.Final/resteasy-cdi-6.2.11.Final.jar:/home/kyaw/.m2/repository/jakarta/validation/jakarta.validation-api/3.0.2/jakarta.validation-api-3.0.2.jar:/home/kyaw/.m2/repository/io/quarkus/quarkus-resteasy-jsonb/3.19.1/quarkus-resteasy-jsonb-3.19.1.jar:/home/kyaw/.m2/repository/io/quarkus/quarkus-jsonb/3.19.1/quarkus-jsonb-3.19.1.jar:/home/kyaw/.m2/repository/org/eclipse/yasson/3.0.4/yasson-3.0.4.jar:/home/kyaw/.m2/repository/org/jboss/resteasy/resteasy-json-binding-provider/6.2.11.Final/resteasy-json-binding-provider-6.2.11.Final.jar:/home/kyaw/.m2/repository/org/jboss/resteasy/resteasy-core-spi/6.2.11.Final/resteasy-core-spi-6.2.11.Final.jar:/home/kyaw/.m2/repository/org/jboss/resteasy/resteasy-core/6.2.11.Final/resteasy-core-6.2.11.Final.jar:/home/kyaw/.m2/repository/com/ibm/async/asyncutil/0.1.0/asyncutil-0.1.0.jar:/home/kyaw/.m2/repository/org/eclipse/parsson/parsson/1.1.7/parsson-1.1.7.jar:/home/kyaw/.m2/repository/jakarta/json/bind/jakarta.json.bind-api/3.0.1/jakarta.json.bind-api-3.0.1.jar:/home/kyaw/.m2/repository/org/jboss/resteasy/resteasy-json-p-provider/6.2.11.Final/resteasy-json-p-provider-6.2.11.Final.jar:/home/kyaw/.m2/repository/jakarta/json/jakarta.json-api/2.1.3/jakarta.json-api-2.1.3.jar:/home/kyaw/.m2/repository/commons-io/commons-io/2.18.0/commons-io-2.18.0.jar:/home/kyaw/.m2/repository/io/quarkus/quarkus-resteasy-jackson/3.19.1/quarkus-resteasy-jackson-3.19.1.jar:/home/kyaw/.m2/repository/io/quarkus/quarkus-jackson/3.19.1/quarkus-jackson-3.19.1.jar:/home/kyaw/.m2/repository/com/fasterxml/jackson/core/jackson-databind/2.18.2/jackson-databind-2.18.2.jar:/home/kyaw/.m2/repository/com/fasterxml/jackson/datatype/jackson-datatype-jsr310/2.18.2/jackson-datatype-jsr310-2.18.2.jar:/home/kyaw/.m2/repository/com/fasterxml/jackson/datatype/jackson-datatype-jdk8/2.18.2/jackson-datatype-jdk8-2.18.2.jar:/home/kyaw/.m2/repository/com/fasterxml/jackson/module/jackson-module-parameter-names/2.18.2/jackson-module-parameter-names-2.18.2.jar:/home/kyaw/.m2/repository/org/jboss/resteasy/resteasy-jackson2-provider/6.2.11.Final/resteasy-jackson2-provider-6.2.11.Final.jar:/home/kyaw/.m2/repository/com/fasterxml/jackson/core/jackson-core/2.18.2/jackson-core-2.18.2.jar:/home/kyaw/.m2/repository/com/fasterxml/jackson/core/jackson-annotations/2.18.2/jackson-annotations-2.18.2.jar:/home/kyaw/.m2/repository/com/fasterxml/jackson/jakarta/rs/jackson-jakarta-rs-base/2.18.2/jackson-jakarta-rs-base-2.18.2.jar:/home/kyaw/.m2/repository/com/fasterxml/jackson/jakarta/rs/jackson-jakarta-rs-json-provider/2.18.2/jackson-jakarta-rs-json-provider-2.18.2.jar:/home/kyaw/.m2/repository/com/fasterxml/jackson/module/jackson-module-jakarta-xmlbind-annotations/2.18.2/jackson-module-jakarta-xmlbind-annotations-2.18.2.jar:/home/kyaw/.m2/repository/com/github/java-json-tools/json-patch/1.13/json-patch-1.13.jar:/home/kyaw/.m2/repository/com/github/java-json-tools/msg-simple/1.2/msg-simple-1.2.jar:/home/kyaw/.m2/repository/com/github/java-json-tools/btf/1.3/btf-1.3.jar:/home/kyaw/.m2/repository/com/github/java-json-tools/jackson-coreutils/2.0/jackson-coreutils-2.0.jar:/home/kyaw/.m2/repository/jakarta/xml/bind/jakarta.xml.bind-api/4.0.2/jakarta.xml.bind-api-4.0.2.jar:/home/kyaw/.m2/repository/jakarta/activation/jakarta.activation-api/2.1.3/jakarta.activation-api-2.1.3.jar:/home/kyaw/.m2/repository/io/quarkus/quarkus-resteasy-client/3.19.1/quarkus-resteasy-client-3.19.1.jar:/home/kyaw/.m2/repository/io/quarkus/quarkus-core/3.19.1/quarkus-core-3.19.1.jar:/home/kyaw/.m2/repository/jakarta/annotation/jakarta.annotation-api/3.0.0/jakarta.annotation-api-3.0.0.jar:/home/kyaw/.m2/repository/jakarta/enterprise/jakarta.enterprise.cdi-api/4.1.0/jakarta.enterprise.cdi-api-4.1.0.jar:/home/kyaw/.m2/repository/jakarta/enterprise/jakarta.enterprise.lang-model/4.1.0/jakarta.enterprise.lang-model-4.1.0.jar:/home/kyaw/.m2/repository/jakarta/el/jakarta.el-api/5.0.1/jakarta.el-api-5.0.1.jar:/home/kyaw/.m2/repository/jakarta/inject/jakarta.inject-api/2.0.1/jakarta.inject-api-2.0.1.jar:/home/kyaw/.m2/repository/io/smallrye/common/smallrye-common-os/2.10.0/smallrye-common-os-2.10.0.jar:/home/kyaw/.m2/repository/io/quarkus/quarkus-ide-launcher/3.19.1/quarkus-ide-launcher-3.19.1.jar:/home/kyaw/.m2/repository/io/quarkus/quarkus-development-mode-spi/3.19.1/quarkus-development-mode-spi-3.19.1.jar:/home/kyaw/.m2/repository/io/smallrye/config/smallrye-config/3.11.4/smallrye-config-3.11.4.jar:/home/kyaw/.m2/repository/io/smallrye/config/smallrye-config-core/3.11.4/smallrye-config-core-3.11.4.jar:/home/kyaw/.m2/repository/io/smallrye/config/smallrye-config-common/3.11.4/smallrye-config-common-3.11.4.jar:/home/kyaw/.m2/repository/org/jboss/logmanager/jboss-logmanager/3.1.1.Final/jboss-logmanager-3.1.1.Final.jar:/home/kyaw/.m2/repository/io/smallrye/common/smallrye-common-cpu/2.10.0/smallrye-common-cpu-2.10.0.jar:/home/kyaw/.m2/repository/io/smallrye/common/smallrye-common-expression/2.10.0/smallrye-common-expression-2.10.0.jar:/home/kyaw/.m2/repository/io/smallrye/common/smallrye-common-net/2.10.0/smallrye-common-net-2.10.0.jar:/home/kyaw/.m2/repository/io/smallrye/common/smallrye-common-ref/2.10.0/smallrye-common-ref-2.10.0.jar:/home/kyaw/.m2/repository/org/jboss/logging/jboss-logging-annotations/3.0.3.Final/jboss-logging-annotations-3.0.3.Final.jar:/home/kyaw/.m2/repository/org/jboss/threads/jboss-threads/3.8.0.Final/jboss-threads-3.8.0.Final.jar:/home/kyaw/.m2/repository/io/smallrye/common/smallrye-common-function/2.10.0/smallrye-common-function-2.10.0.jar:/home/kyaw/.m2/repository/org/slf4j/slf4j-api/2.0.6/slf4j-api-2.0.6.jar:/home/kyaw/.m2/repository/org/jboss/slf4j/slf4j-jboss-logmanager/2.0.0.Final/slf4j-jboss-logmanager-2.0.0.Final.jar:/home/kyaw/.m2/repository/org/wildfly/common/wildfly-common/2.0.1/wildfly-common-2.0.1.jar:/home/kyaw/.m2/repository/io/quarkus/quarkus-bootstrap-runner/3.19.1/quarkus-bootstrap-runner-3.19.1.jar:/home/kyaw/.m2/repository/io/quarkus/quarkus-fs-util/0.0.10/quarkus-fs-util-0.0.10.jar:/home/kyaw/.m2/repository/io/quarkus/quarkus-resteasy-common/3.19.1/quarkus-resteasy-common-3.19.1.jar:/home/kyaw/.m2/repository/org/eclipse/angus/angus-activation/2.0.2/angus-activation-2.0.2.jar:/home/kyaw/.m2/repository/org/jboss/resteasy/microprofile/microprofile-config/3.0.1.Final/microprofile-config-3.0.1.Final.jar:/home/kyaw/.m2/repository/jakarta/servlet/jakarta.servlet-api/6.0.0/jakarta.servlet-api-6.0.0.jar:/home/kyaw/.m2/repository/io/quarkus/quarkus-apache-httpclient/3.19.1/quarkus-apache-httpclient-3.19.1.jar:/home/kyaw/.m2/repository/io/quarkus/quarkus-rest-client-config/3.19.1/quarkus-rest-client-config-3.19.1.jar:/home/kyaw/.m2/repository/org/eclipse/microprofile/rest/client/microprofile-rest-client-api/4.0/microprofile-rest-client-api-4.0.jar:/home/kyaw/.m2/repository/io/smallrye/jandex/3.2.7/jandex-3.2.7.jar:/home/kyaw/.m2/repository/org/jboss/resteasy/microprofile/microprofile-rest-client/3.0.1.Final/microprofile-rest-client-3.0.1.Final.jar:/home/kyaw/.m2/repository/org/jboss/resteasy/microprofile/microprofile-rest-client-base/3.0.1.Final/microprofile-rest-client-base-3.0.1.Final.jar:/home/kyaw/.m2/repository/org/jboss/resteasy/resteasy-client/6.2.11.Final/resteasy-client-6.2.11.Final.jar:/home/kyaw/.m2/repository/org/jboss/resteasy/resteasy-client-api/6.2.11.Final/resteasy-client-api-6.2.11.Final.jar:/home/kyaw/.m2/repository/org/jboss/resteasy/resteasy-multipart-provider/6.2.11.Final/resteasy-multipart-provider-6.2.11.Final.jar:/home/kyaw/.m2/repository/org/jboss/resteasy/resteasy-jaxb-provider/6.2.11.Final/resteasy-jaxb-provider-6.2.11.Final.jar:/home/kyaw/.m2/repository/org/glassfish/jaxb/codemodel/4.0.5/codemodel-4.0.5.jar:/home/kyaw/.m2/repository/org/glassfish/jaxb/jaxb-core/4.0.5/jaxb-core-4.0.5.jar:/home/kyaw/.m2/repository/org/glassfish/jaxb/jaxb-jxc/4.0.5/jaxb-jxc-4.0.5.jar:/home/kyaw/.m2/repository/org/glassfish/jaxb/txw2/4.0.5/txw2-4.0.5.jar:/home/kyaw/.m2/repository/org/glassfish/jaxb/jaxb-xjc/4.0.5/jaxb-xjc-4.0.5.jar:/home/kyaw/.m2/repository/org/glassfish/jaxb/xsom/4.0.5/xsom-4.0.5.jar:/home/kyaw/.m2/repository/com/sun/istack/istack-commons-runtime/4.1.2/istack-commons-runtime-4.1.2.jar:/home/kyaw/.m2/repository/com/sun/istack/istack-commons-tools/4.1.2/istack-commons-tools-4.1.2.jar:/home/kyaw/.m2/repository/com/sun/xml/bind/external/relaxng-datatype/4.0.5/relaxng-datatype-4.0.5.jar:/home/kyaw/.m2/repository/com/sun/xml/bind/external/rngom/4.0.5/rngom-4.0.5.jar:/home/kyaw/.m2/repository/jakarta/mail/jakarta.mail-api/2.1.3/jakarta.mail-api-2.1.3.jar:/home/kyaw/.m2/repository/org/eclipse/angus/angus-mail/2.0.3/angus-mail-2.0.3.jar:/home/kyaw/.m2/repository/org/apache/james/apache-mime4j-dom/0.8.12/apache-mime4j-dom-0.8.12.jar:/home/kyaw/.m2/repository/org/apache/james/apache-mime4j-core/0.8.12/apache-mime4j-core-0.8.12.jar:/home/kyaw/.m2/repository/org/apache/james/apache-mime4j-storage/0.8.12/apache-mime4j-storage-0.8.12.jar:/home/kyaw/.m2/repository/jakarta/interceptor/jakarta.interceptor-api/2.2.0/jakarta.interceptor-api-2.2.0.jar:/home/kyaw/.m2/repository/jakarta/ws/rs/jakarta.ws.rs-api/3.1.0/jakarta.ws.rs-api-3.1.0.jar:/home/kyaw/.m2/repository/org/apache/httpcomponents/httpasyncclient/4.1.5/httpasyncclient-4.1.5.jar:/home/kyaw/.m2/repository/org/apache/httpcomponents/httpcore/4.4.16/httpcore-4.4.16.jar:/home/kyaw/.m2/repository/org/apache/httpcomponents/httpcore-nio/4.4.16/httpcore-nio-4.4.16.jar:/home/kyaw/.m2/repository/org/jboss/logging/commons-logging-jboss-logging/1.0.0.Final/commons-logging-jboss-logging-1.0.0.Final.jar:/home/kyaw/.m2/repository/io/quarkiverse/amazonservices/quarkus-amazon-dynamodb-enhanced/2.20.0/quarkus-amazon-dynamodb-enhanced-2.20.0.jar:/home/kyaw/.m2/repository/io/quarkiverse/amazonservices/quarkus-amazon-common/2.20.0/quarkus-amazon-common-2.20.0.jar:/home/kyaw/.m2/repository/io/quarkiverse/amazonservices/quarkus-amazon-dynamodb/2.20.0/quarkus-amazon-dynamodb-2.20.0.jar:/home/kyaw/.m2/repository/software/amazon/awssdk/dynamodb/2.29.14/dynamodb-2.29.14.jar:/home/kyaw/.m2/repository/software/amazon/awssdk/dynamodb-enhanced/2.29.14/dynamodb-enhanced-2.29.14.jar:/home/kyaw/.m2/repository/software/amazon/awssdk/rekognition/2.29.23/rekognition-2.29.23.jar:/home/kyaw/.m2/repository/software/amazon/awssdk/aws-json-protocol/2.29.14/aws-json-protocol-2.29.14.jar:/home/kyaw/.m2/repository/software/amazon/awssdk/third-party-jackson-core/2.29.14/third-party-jackson-core-2.29.14.jar:/home/kyaw/.m2/repository/software/amazon/awssdk/protocol-core/2.29.14/protocol-core-2.29.14.jar:/home/kyaw/.m2/repository/software/amazon/awssdk/http-auth-aws/2.29.14/http-auth-aws-2.29.14.jar:/home/kyaw/.m2/repository/software/amazon/awssdk/checksums-spi/2.29.14/checksums-spi-2.29.14.jar:/home/kyaw/.m2/repository/software/amazon/awssdk/checksums/2.29.14/checksums-2.29.14.jar:/home/kyaw/.m2/repository/software/amazon/awssdk/sdk-core/2.29.14/sdk-core-2.29.14.jar:/home/kyaw/.m2/repository/software/amazon/awssdk/profiles/2.29.14/profiles-2.29.14.jar:/home/kyaw/.m2/repository/software/amazon/awssdk/retries/2.29.14/retries-2.29.14.jar:/home/kyaw/.m2/repository/org/reactivestreams/reactive-streams/1.0.4/reactive-streams-1.0.4.jar:/home/kyaw/.m2/repository/software/amazon/awssdk/auth/2.29.14/auth-2.29.14.jar:/home/kyaw/.m2/repository/software/amazon/awssdk/http-auth-aws-eventstream/2.29.14/http-auth-aws-eventstream-2.29.14.jar:/home/kyaw/.m2/repository/software/amazon/eventstream/eventstream/1.0.1/eventstream-1.0.1.jar:/home/kyaw/.m2/repository/software/amazon/awssdk/http-auth-spi/2.29.14/http-auth-spi-2.29.14.jar:/home/kyaw/.m2/repository/software/amazon/awssdk/http-auth/2.29.14/http-auth-2.29.14.jar:/home/kyaw/.m2/repository/software/amazon/awssdk/identity-spi/2.29.14/identity-spi-2.29.14.jar:/home/kyaw/.m2/repository/software/amazon/awssdk/http-client-spi/2.29.14/http-client-spi-2.29.14.jar:/home/kyaw/.m2/repository/software/amazon/awssdk/regions/2.29.14/regions-2.29.14.jar:/home/kyaw/.m2/repository/software/amazon/awssdk/annotations/2.29.14/annotations-2.29.14.jar:/home/kyaw/.m2/repository/software/amazon/awssdk/utils/2.29.14/utils-2.29.14.jar:/home/kyaw/.m2/repository/software/amazon/awssdk/aws-core/2.29.14/aws-core-2.29.14.jar:/home/kyaw/.m2/repository/software/amazon/awssdk/metrics-spi/2.29.14/metrics-spi-2.29.14.jar:/home/kyaw/.m2/repository/software/amazon/awssdk/json-utils/2.29.14/json-utils-2.29.14.jar:/home/kyaw/.m2/repository/software/amazon/awssdk/endpoints-spi/2.29.14/endpoints-spi-2.29.14.jar:/home/kyaw/.m2/repository/software/amazon/awssdk/retries-spi/2.29.14/retries-spi-2.29.14.jar:/home/kyaw/.m2/repository/software/amazon/awssdk/apache-client/2.29.14/apache-client-2.29.14.jar:/home/kyaw/.m2/repository/commons-codec/commons-codec/1.18.0/commons-codec-1.18.0.jar:/home/kyaw/.m2/repository/software/amazon/awssdk/netty-nio-client/2.29.14/netty-nio-client-2.29.14.jar:/home/kyaw/.m2/repository/io/netty/netty-codec-http/4.1.118.Final/netty-codec-http-4.1.118.Final.jar:/home/kyaw/.m2/repository/io/netty/netty-codec-http2/4.1.118.Final/netty-codec-http2-4.1.118.Final.jar:/home/kyaw/.m2/repository/io/netty/netty-codec/4.1.118.Final/netty-codec-4.1.118.Final.jar:/home/kyaw/.m2/repository/io/netty/netty-transport/4.1.118.Final/netty-transport-4.1.118.Final.jar:/home/kyaw/.m2/repository/io/netty/netty-common/4.1.118.Final/netty-common-4.1.118.Final.jar:/home/kyaw/.m2/repository/io/netty/netty-buffer/4.1.118.Final/netty-buffer-4.1.118.Final.jar:/home/kyaw/.m2/repository/io/netty/netty-handler/4.1.118.Final/netty-handler-4.1.118.Final.jar:/home/kyaw/.m2/repository/io/netty/netty-transport-native-unix-common/4.1.118.Final/netty-transport-native-unix-common-4.1.118.Final.jar:/home/kyaw/.m2/repository/io/netty/netty-transport-classes-epoll/4.1.118.Final/netty-transport-classes-epoll-4.1.118.Final.jar:/home/kyaw/.m2/repository/io/netty/netty-resolver/4.1.118.Final/netty-resolver-4.1.118.Final.jar:/home/kyaw/.m2/repository/io/quarkus/quarkus-hibernate-orm-panache/3.19.1/quarkus-hibernate-orm-panache-3.19.1.jar:/home/kyaw/.m2/repository/io/quarkus/quarkus-hibernate-orm/3.19.1/quarkus-hibernate-orm-3.19.1.jar:/home/kyaw/.m2/repository/io/quarkus/quarkus-narayana-jta/3.19.1/quarkus-narayana-jta-3.19.1.jar:/home/kyaw/.m2/repository/io/quarkus/quarkus-transaction-annotations/3.19.1/quarkus-transaction-annotations-3.19.1.jar:/home/kyaw/.m2/repository/io/quarkus/quarkus-datasource-common/3.19.1/quarkus-datasource-common-3.19.1.jar:/home/kyaw/.m2/repository/io/smallrye/smallrye-context-propagation-jta/2.2.0/smallrye-context-propagation-jta-2.2.0.jar:/home/kyaw/.m2/repository/io/smallrye/reactive/smallrye-reactive-converter-api/3.0.1/smallrye-reactive-converter-api-3.0.1.jar:/home/kyaw/.m2/repository/io/smallrye/reactive/smallrye-reactive-converter-mutiny/3.0.1/smallrye-reactive-converter-mutiny-3.0.1.jar:/home/kyaw/.m2/repository/io/smallrye/reactive/mutiny-zero-flow-adapters/1.1.1/mutiny-zero-flow-adapters-1.1.1.jar:/home/kyaw/.m2/repository/org/jboss/narayana/jta/narayana-jta/7.2.1.Final/narayana-jta-7.2.1.Final.jar:/home/kyaw/.m2/repository/jakarta/resource/jakarta.resource-api/2.1.0/jakarta.resource-api-2.1.0.jar:/home/kyaw/.m2/repository/org/jboss/invocation/jboss-invocation/2.0.0.Final/jboss-invocation-2.0.0.Final.jar:/home/kyaw/.m2/repository/org/eclipse/microprofile/reactive-streams-operators/microprofile-reactive-streams-operators-api/3.0.1/microprofile-reactive-streams-operators-api-3.0.1.jar:/home/kyaw/.m2/repository/org/jboss/narayana/jts/narayana-jts-integration/7.2.1.Final/narayana-jts-integration-7.2.1.Final.jar:/home/kyaw/.m2/repository/org/hibernate/orm/hibernate-core/6.6.9.Final/hibernate-core-6.6.9.Final.jar:/home/kyaw/.m2/repository/com/fasterxml/classmate/1.7.0/classmate-1.7.0.jar:/home/kyaw/.m2/repository/org/antlr/antlr4-runtime/4.13.0/antlr4-runtime-4.13.0.jar:/home/kyaw/.m2/repository/net/bytebuddy/byte-buddy/1.15.11/byte-buddy-1.15.11.jar:/home/kyaw/.m2/repository/org/hibernate/common/hibernate-commons-annotations/7.0.3.Final/hibernate-commons-annotations-7.0.3.Final.jar:/home/kyaw/.m2/repository/org/hibernate/orm/hibernate-graalvm/6.6.9.Final/hibernate-graalvm-6.6.9.Final.jar:/home/kyaw/.m2/repository/org/glassfish/jaxb/jaxb-runtime/4.0.5/jaxb-runtime-4.0.5.jar:/home/kyaw/.m2/repository/jakarta/persistence/jakarta.persistence-api/3.1.0/jakarta.persistence-api-3.1.0.jar:/home/kyaw/.m2/repository/jakarta/transaction/jakarta.transaction-api/2.0.1/jakarta.transaction-api-2.0.1.jar:/home/kyaw/.m2/repository/org/hibernate/quarkus-local-cache/0.3.0/quarkus-local-cache-0.3.0.jar:/home/kyaw/.m2/repository/io/quarkus/quarkus-caffeine/3.19.1/quarkus-caffeine-3.19.1.jar:/home/kyaw/.m2/repository/com/github/ben-manes/caffeine/caffeine/3.2.0/caffeine-3.2.0.jar:/home/kyaw/.m2/repository/org/jspecify/jspecify/1.0.0/jspecify-1.0.0.jar:/home/kyaw/.m2/repository/com/google/errorprone/error_prone_annotations/2.36.0/error_prone_annotations-2.36.0.jar:/home/kyaw/.m2/repository/io/quarkus/quarkus-hibernate-orm-panache-common/3.19.1/quarkus-hibernate-orm-panache-common-3.19.1.jar:/home/kyaw/.m2/repository/io/quarkus/quarkus-panache-hibernate-common/3.19.1/quarkus-panache-hibernate-common-3.19.1.jar:/home/kyaw/.m2/repository/io/quarkus/quarkus-panache-common/3.19.1/quarkus-panache-common-3.19.1.jar:/home/kyaw/.m2/repository/io/quarkus/quarkus-jdbc-postgresql/3.19.1/quarkus-jdbc-postgresql-3.19.1.jar:/home/kyaw/.m2/repository/io/quarkus/quarkus-agroal/3.19.1/quarkus-agroal-3.19.1.jar:/home/kyaw/.m2/repository/io/quarkus/quarkus-datasource/3.19.1/quarkus-datasource-3.19.1.jar:/home/kyaw/.m2/repository/io/agroal/agroal-api/2.5/agroal-api-2.5.jar:/home/kyaw/.m2/repository/io/agroal/agroal-narayana/2.5/agroal-narayana-2.5.jar:/home/kyaw/.m2/repository/org/jboss/jboss-transaction-spi/8.0.0.Final/jboss-transaction-spi-8.0.0.Final.jar:/home/kyaw/.m2/repository/io/agroal/agroal-pool/2.5/agroal-pool-2.5.jar:/home/kyaw/.m2/repository/org/postgresql/postgresql/42.7.5/postgresql-42.7.5.jar:/home/kyaw/.m2/repository/io/quarkus/quarkus-arc/3.19.1/quarkus-arc-3.19.1.jar:/home/kyaw/.m2/repository/io/quarkus/arc/arc/3.19.1/arc-3.19.1.jar:/home/kyaw/.m2/repository/io/smallrye/reactive/mutiny/2.8.0/mutiny-2.8.0.jar:/home/kyaw/.m2/repository/org/jctools/jctools-core/4.0.5/jctools-core-4.0.5.jar:/home/kyaw/.m2/repository/org/eclipse/microprofile/context-propagation/microprofile-context-propagation-api/1.3/microprofile-context-propagation-api-1.3.jar:/home/kyaw/.m2/repository/io/quarkus/quarkus-smallrye-openapi/3.19.1/quarkus-smallrye-openapi-3.19.1.jar:/home/kyaw/.m2/repository/io/smallrye/smallrye-open-api-core/4.0.8/smallrye-open-api-core-4.0.8.jar:/home/kyaw/.m2/repository/org/eclipse/microprofile/openapi/microprofile-openapi-api/4.0.2/microprofile-openapi-api-4.0.2.jar:/home/kyaw/.m2/repository/org/eclipse/microprofile/config/microprofile-config-api/3.1/microprofile-config-api-3.1.jar:/home/kyaw/.m2/repository/io/smallrye/smallrye-open-api-model/4.0.8/smallrye-open-api-model-4.0.8.jar:/home/kyaw/.m2/repository/com/fasterxml/jackson/dataformat/jackson-dataformat-yaml/2.18.2/jackson-dataformat-yaml-2.18.2.jar:/home/kyaw/.m2/repository/org/yaml/snakeyaml/2.3/snakeyaml-2.3.jar:/home/kyaw/.m2/repository/io/smallrye/common/smallrye-common-classloader/2.10.0/smallrye-common-classloader-2.10.0.jar:/home/kyaw/.m2/repository/io/quarkus/quarkus-swagger-ui/3.19.1/quarkus-swagger-ui-3.19.1.jar:/home/kyaw/.m2/repository/io/quarkus/quarkus-smallrye-health/3.19.1/quarkus-smallrye-health-3.19.1.jar:/home/kyaw/.m2/repository/io/smallrye/smallrye-health/4.2.0/smallrye-health-4.2.0.jar:/home/kyaw/.m2/repository/org/eclipse/microprofile/health/microprofile-health-api/4.0.1/microprofile-health-api-4.0.1.jar:/home/kyaw/.m2/repository/io/smallrye/smallrye-health-api/4.2.0/smallrye-health-api-4.2.0.jar:/home/kyaw/.m2/repository/io/smallrye/smallrye-health-provided-checks/4.2.0/smallrye-health-provided-checks-4.2.0.jar:/home/kyaw/.m2/repository/io/quarkus/quarkus-jsonp/3.19.1/quarkus-jsonp-3.19.1.jar:/home/kyaw/.m2/repository/io/quarkus/quarkus-junit5/3.19.1/quarkus-junit5-3.19.1.jar:/home/kyaw/.m2/repository/io/quarkus/quarkus-bootstrap-core/3.19.1/quarkus-bootstrap-core-3.19.1.jar:/home/kyaw/.m2/repository/io/quarkus/quarkus-classloader-commons/3.19.1/quarkus-classloader-commons-3.19.1.jar:/home/kyaw/.m2/repository/io/quarkus/quarkus-bootstrap-app-model/3.19.1/quarkus-bootstrap-app-model-3.19.1.jar:/home/kyaw/.m2/repository/io/smallrye/common/smallrye-common-io/2.10.0/smallrye-common-io-2.10.0.jar:/home/kyaw/.m2/repository/org/eclipse/sisu/org.eclipse.sisu.inject/0.9.0.M3/org.eclipse.sisu.inject-0.9.0.M3.jar:/home/kyaw/.m2/repository/io/quarkus/quarkus-test-common/3.19.1/quarkus-test-common-3.19.1.jar:/home/kyaw/.m2/repository/io/quarkus/quarkus-core-deployment/3.19.1/quarkus-core-deployment-3.19.1.jar:/home/kyaw/.m2/repository/org/aesh/readline/2.6/readline-2.6.jar:/home/kyaw/.m2/repository/org/fusesource/jansi/jansi/2.4.0/jansi-2.4.0.jar:/home/kyaw/.m2/repository/org/aesh/aesh/2.8.2/aesh-2.8.2.jar:/home/kyaw/.m2/repository/io/quarkus/gizmo/gizmo/1.8.0/gizmo-1.8.0.jar:/home/kyaw/.m2/repository/org/ow2/asm/asm-util/9.7.1/asm-util-9.7.1.jar:/home/kyaw/.m2/repository/org/ow2/asm/asm-analysis/9.7.1/asm-analysis-9.7.1.jar:/home/kyaw/.m2/repository/org/ow2/asm/asm/9.7.1/asm-9.7.1.jar:/home/kyaw/.m2/repository/org/ow2/asm/asm-commons/9.7.1/asm-commons-9.7.1.jar:/home/kyaw/.m2/repository/org/ow2/asm/asm-tree/9.7.1/asm-tree-9.7.1.jar:/home/kyaw/.m2/repository/io/quarkus/quarkus-hibernate-validator-spi/3.19.1/quarkus-hibernate-validator-spi-3.19.1.jar:/home/kyaw/.m2/repository/io/quarkus/quarkus-class-change-agent/3.19.1/quarkus-class-change-agent-3.19.1.jar:/home/kyaw/.m2/repository/io/quarkus/quarkus-devtools-utilities/3.19.1/quarkus-devtools-utilities-3.19.1.jar:/home/kyaw/.m2/repository/io/quarkus/quarkus-builder/3.19.1/quarkus-builder-3.19.1.jar:/home/kyaw/.m2/repository/org/graalvm/sdk/nativeimage/23.1.2/nativeimage-23.1.2.jar:/home/kyaw/.m2/repository/org/graalvm/sdk/word/23.1.2/word-23.1.2.jar:/home/kyaw/.m2/repository/org/junit/platform/junit-platform-launcher/1.10.5/junit-platform-launcher-1.10.5.jar:/home/kyaw/.m2/repository/io/quarkus/quarkus-bootstrap-maven-resolver/3.19.1/quarkus-bootstrap-maven-resolver-3.19.1.jar:/home/kyaw/.m2/repository/io/smallrye/beanbag/smallrye-beanbag-maven/1.5.2/smallrye-beanbag-maven-1.5.2.jar:/home/kyaw/.m2/repository/io/smallrye/beanbag/smallrye-beanbag-sisu/1.5.2/smallrye-beanbag-sisu-1.5.2.jar:/home/kyaw/.m2/repository/io/smallrye/beanbag/smallrye-beanbag/1.5.2/smallrye-beanbag-1.5.2.jar:/home/kyaw/.m2/repository/javax/inject/javax.inject/1/javax.inject-1.jar:/home/kyaw/.m2/repository/org/apache/maven/maven-artifact/3.9.9/maven-artifact-3.9.9.jar:/home/kyaw/.m2/repository/org/apache/maven/maven-builder-support/3.9.9/maven-builder-support-3.9.9.jar:/home/kyaw/.m2/repository/org/apache/maven/maven-model/3.9.9/maven-model-3.9.9.jar:/home/kyaw/.m2/repository/org/apache/maven/maven-model-builder/3.9.9/maven-model-builder-3.9.9.jar:/home/kyaw/.m2/repository/org/apache/maven/maven-repository-metadata/3.9.9/maven-repository-metadata-3.9.9.jar:/home/kyaw/.m2/repository/org/apache/maven/maven-settings/3.9.9/maven-settings-3.9.9.jar:/home/kyaw/.m2/repository/org/apache/maven/resolver/maven-resolver-api/1.9.22/maven-resolver-api-1.9.22.jar:/home/kyaw/.m2/repository/org/apache/maven/resolver/maven-resolver-impl/1.9.22/maven-resolver-impl-1.9.22.jar:/home/kyaw/.m2/repository/org/apache/maven/resolver/maven-resolver-named-locks/1.9.22/maven-resolver-named-locks-1.9.22.jar:/home/kyaw/.m2/repository/org/apache/maven/resolver/maven-resolver-spi/1.9.22/maven-resolver-spi-1.9.22.jar:/home/kyaw/.m2/repository/org/apache/maven/resolver/maven-resolver-util/1.9.22/maven-resolver-util-1.9.22.jar:/home/kyaw/.m2/repository/org/apache/maven/resolver/maven-resolver-transport-http/1.9.20/maven-resolver-transport-http-1.9.20.jar:/home/kyaw/.m2/repository/org/apache/maven/wagon/wagon-provider-api/3.5.3/wagon-provider-api-3.5.3.jar:/home/kyaw/.m2/repository/org/apache/maven/wagon/wagon-http-shared/3.5.3/wagon-http-shared-3.5.3.jar:/home/kyaw/.m2/repository/org/codehaus/plexus/plexus-interpolation/1.26/plexus-interpolation-1.26.jar:/home/kyaw/.m2/repository/org/codehaus/plexus/plexus-utils/3.5.1/plexus-utils-3.5.1.jar:/home/kyaw/.m2/repository/org/codehaus/plexus/plexus-xml/4.0.1/plexus-xml-4.0.1.jar:/home/kyaw/.m2/repository/org/apache/maven/maven-xml-impl/4.0.0-alpha-5/maven-xml-impl-4.0.0-alpha-5.jar:/home/kyaw/.m2/repository/org/apache/maven/maven-api-xml/4.0.0-alpha-5/maven-api-xml-4.0.0-alpha-5.jar:/home/kyaw/.m2/repository/org/apache/maven/maven-api-meta/4.0.0-alpha-5/maven-api-meta-4.0.0-alpha-5.jar:/home/kyaw/.m2/repository/org/codehaus/plexus/plexus-cipher/2.0/plexus-cipher-2.0.jar:/home/kyaw/.m2/repository/org/codehaus/plexus/plexus-sec-dispatcher/2.0/plexus-sec-dispatcher-2.0.jar:/home/kyaw/.m2/repository/org/apache/maven/maven-embedder/3.9.9/maven-embedder-3.9.9.jar:/home/kyaw/.m2/repository/org/apache/maven/maven-core/3.9.9/maven-core-3.9.9.jar:/home/kyaw/.m2/repository/org/codehaus/plexus/plexus-component-annotations/2.1.0/plexus-component-annotations-2.1.0.jar:/home/kyaw/.m2/repository/org/apache/maven/maven-plugin-api/3.9.9/maven-plugin-api-3.9.9.jar:/home/kyaw/.m2/repository/org/apache/maven/shared/maven-shared-utils/3.4.2/maven-shared-utils-3.4.2.jar:/home/kyaw/.m2/repository/com/google/inject/guice/5.1.0/guice-5.1.0.jar:/home/kyaw/.m2/repository/aopalliance/aopalliance/1.0/aopalliance-1.0.jar:/home/kyaw/.m2/repository/com/google/guava/guava/33.4.0-jre/guava-33.4.0-jre.jar:/home/kyaw/.m2/repository/com/google/guava/failureaccess/1.0.1/failureaccess-1.0.1.jar:/home/kyaw/.m2/repository/javax/annotation/javax.annotation-api/1.3.2/javax.annotation-api-1.3.2.jar:/home/kyaw/.m2/repository/org/codehaus/plexus/plexus-classworlds/2.6.0/plexus-classworlds-2.6.0.jar:/home/kyaw/.m2/repository/commons-cli/commons-cli/1.8.0/commons-cli-1.8.0.jar:/home/kyaw/.m2/repository/org/eclipse/sisu/org.eclipse.sisu.plexus/0.9.0.M3/org.eclipse.sisu.plexus-0.9.0.M3.jar:/home/kyaw/.m2/repository/org/apache/maven/maven-settings-builder/3.9.9/maven-settings-builder-3.9.9.jar:/home/kyaw/.m2/repository/org/apache/maven/maven-resolver-provider/3.9.9/maven-resolver-provider-3.9.9.jar:/home/kyaw/.m2/repository/org/apache/maven/resolver/maven-resolver-connector-basic/1.9.22/maven-resolver-connector-basic-1.9.22.jar:/home/kyaw/.m2/repository/org/apache/maven/resolver/maven-resolver-transport-wagon/1.9.22/maven-resolver-transport-wagon-1.9.22.jar:/home/kyaw/.m2/repository/org/apache/maven/wagon/wagon-http/3.5.3/wagon-http-3.5.3.jar:/home/kyaw/.m2/repository/org/apache/maven/wagon/wagon-file/3.5.3/wagon-file-3.5.3.jar:/home/kyaw/.m2/repository/io/quarkus/quarkus-bootstrap-gradle-resolver/3.19.1/quarkus-bootstrap-gradle-resolver-3.19.1.jar:/home/kyaw/.m2/repository/io/quarkus/quarkus-junit5-config/3.19.1/quarkus-junit5-config-3.19.1.jar:/home/kyaw/.m2/repository/org/junit/jupiter/junit-jupiter-api/5.10.5/junit-jupiter-api-5.10.5.jar:/home/kyaw/.m2/repository/org/opentest4j/opentest4j/1.3.0/opentest4j-1.3.0.jar:/home/kyaw/.m2/repository/org/junit/platform/junit-platform-commons/1.10.5/junit-platform-commons-1.10.5.jar:/home/kyaw/.m2/repository/org/apiguardian/apiguardian-api/1.1.2/apiguardian-api-1.1.2.jar:/home/kyaw/.m2/repository/org/junit/jupiter/junit-jupiter/5.10.5/junit-jupiter-5.10.5.jar:/home/kyaw/.m2/repository/org/junit/jupiter/junit-jupiter-params/5.10.5/junit-jupiter-params-5.10.5.jar:/home/kyaw/.m2/repository/org/junit/jupiter/junit-jupiter-engine/5.10.5/junit-jupiter-engine-5.10.5.jar:/home/kyaw/.m2/repository/org/junit/platform/junit-platform-engine/1.10.5/junit-platform-engine-1.10.5.jar:/home/kyaw/.m2/repository/org/jboss/marshalling/jboss-marshalling/2.2.2.Final/jboss-marshalling-2.2.2.Final.jar:/home/kyaw/.m2/repository/io/rest-assured/rest-assured/5.5.1/rest-assured-5.5.1.jar:/home/kyaw/.m2/repository/org/apache/groovy/groovy/4.0.25/groovy-4.0.25.jar:/home/kyaw/.m2/repository/org/apache/groovy/groovy-xml/4.0.22/groovy-xml-4.0.22.jar:/home/kyaw/.m2/repository/org/apache/httpcomponents/httpclient/4.5.14/httpclient-4.5.14.jar:/home/kyaw/.m2/repository/org/apache/httpcomponents/httpmime/4.5.14/httpmime-4.5.14.jar:/home/kyaw/.m2/repository/org/hamcrest/hamcrest/2.2/hamcrest-2.2.jar:/home/kyaw/.m2/repository/org/ccil/cowan/tagsoup/tagsoup/1.2.1/tagsoup-1.2.1.jar:/home/kyaw/.m2/repository/io/rest-assured/json-path/5.5.1/json-path-5.5.1.jar:/home/kyaw/.m2/repository/org/apache/groovy/groovy-json/4.0.22/groovy-json-4.0.22.jar:/home/kyaw/.m2/repository/io/rest-assured/rest-assured-common/5.5.1/rest-assured-common-5.5.1.jar:/home/kyaw/.m2/repository/io/rest-assured/xml-path/5.5.1/xml-path-5.5.1.jar:/home/kyaw/.m2/repository/org/apache/commons/commons-lang3/3.17.0/commons-lang3-3.17.0.jar:/home/kyaw/.m2/repository/org/mindrot/jbcrypt/0.4/jbcrypt-0.4.jar:"/>
    <property name="sun.cpu.endian" value="little"/>
    <property name="user.home" value="/home/kyaw"/>
    <property name="user.language" value="en"/>
    <property name="java.specification.vendor" value="Oracle Corporation"/>
    <property name="java.version.date" value="2025-01-21"/>
    <property name="java.home" value="/usr/lib/jvm/java-21-openjdk-amd64"/>
    <property name="file.separator" value="/"/>
    <property name="basedir" value="/home/kyaw/Desktop/4CHIF/SYP/01-projekte-2025-4chif-syp-pepper-minigames/backend_v2"/>
    <property name="java.vm.compressedOopsMode" value="Zero based"/>
    <property name="line.separator" value="&#10;"/>
    <property name="java.specification.name" value="Java Platform API Specification"/>
    <property name="java.vm.specification.vendor" value="Oracle Corporation"/>
    <property name="surefire.real.class.path" value="/home/kyaw/Desktop/4CHIF/SYP/01-projekte-2025-4chif-syp-pepper-minigames/backend_v2/target/surefire/surefirebooter-20250312111849044_3.jar"/>
    <property name="sun.management.compiler" value="HotSpot 64-Bit Tiered Compilers"/>
    <property name="java.runtime.version" value="21.0.6+7-Ubuntu-124.04.1"/>
    <property name="user.name" value="kyaw"/>
    <property name="stdout.encoding" value="UTF-8"/>
    <property name="path.separator" value=":"/>
    <property name="os.version" value="6.11.0-19-generic"/>
    <property name="java.runtime.name" value="OpenJDK Runtime Environment"/>
    <property name="file.encoding" value="UTF-8"/>
    <property name="java.vm.name" value="OpenJDK 64-Bit Server VM"/>
    <property name="localRepository" value="/home/kyaw/.m2/repository"/>
    <property name="java.vendor.url.bug" value="https://bugs.launchpad.net/ubuntu/+source/openjdk-21"/>
    <property name="java.io.tmpdir" value="/tmp"/>
    <property name="java.version" value="21.0.6"/>
    <property name="user.dir" value="/home/kyaw/Desktop/4CHIF/SYP/01-projekte-2025-4chif-syp-pepper-minigames/backend_v2"/>
    <property name="os.arch" value="amd64"/>
    <property name="java.vm.specification.name" value="Java Virtual Machine Specification"/>
    <property name="native.encoding" value="UTF-8"/>
    <property name="java.library.path" value="/usr/java/packages/lib:/usr/lib/x86_64-linux-gnu/jni:/lib/x86_64-linux-gnu:/usr/lib/x86_64-linux-gnu:/usr/lib/jni:/lib:/usr/lib"/>
    <property name="jdk.console" value="java.base"/>
    <property name="java.vm.info" value="mixed mode, sharing"/>
    <property name="stderr.encoding" value="UTF-8"/>
    <property name="java.vendor" value="Ubuntu"/>
    <property name="java.vm.version" value="21.0.6+7-Ubuntu-124.04.1"/>
    <property name="sun.io.unicode.encoding" value="UnicodeLittle"/>
    <property name="java.class.version" value="65.0"/>
  </properties>
  <testcase name="testBase64" classname="at.htlleonding.pepper.entity.GameTest" time="0.018"/>
</testsuite>